Build started 29/10/2018 11:32:14 AM.
     1>Project "C:\Users\Admin\Desktop\LB\Data Structure\Data Structure\Data Structure.vcxproj" on node 2 (build target(s)).
     1>InitializeBuildStatus:
         Creating "Debug\Data Structure.unsuccessfulbuild" because "AlwaysCreate" was specified.
       ClCompile:
         C:\Program Files\Microsoft Visual Studio 10.0\VC\bin\CL.exe /c /ZI /nologo /W3 /WX- /Od /Oy- /D WIN32 /D _DEBUG /D _CONSOLE /D _UNICODE /D UNICODE /Gm /EHsc /RTC1 /MDd /GS /fp:precise /Zc:wchar_t /Zc:forScope /Fo"Debug\\" /Fd"Debug\vc100.pdb" /Gd /TP /analyze- /errorReport:prompt Stack_Using_Array.cpp
         Stack_Using_Array.cpp
       Link:
         C:\Program Files\Microsoft Visual Studio 10.0\VC\bin\link.exe /ERRORREPORT:PROMPT /OUT:"C:\Users\Admin\Desktop\LB\Data Structure\Debug\Data Structure.exe" /INCREMENTAL:NO /NOLOGO kernel32.lib user32.lib gdi32.lib winspool.lib comdlg32.lib advapi32.lib shell32.lib ole32.lib oleaut32.lib uuid.lib odbc32.lib odbccp32.lib /MANIFEST /ManifestFile:"Debug\Data Structure.exe.intermediate.manifest" /MANIFESTUAC:"level='asInvoker' uiAccess='false'" /DEBUG /PDB:"C:\Users\Admin\Desktop\LB\Data Structure\Debug\Data Structure.pdb" /SUBSYSTEM:CONSOLE /TLBID:1 /DYNAMICBASE /NXCOMPAT /IMPLIB:"C:\Users\Admin\Desktop\LB\Data Structure\Debug\Data Structure.lib" /MACHINE:X86 Debug\Ass_SinglyCircular.obj
         Debug\Ass_SinglyLinear.obj
         Debug\Doubly_Linked_List.obj
         Debug\SinglyCircular_Linked_List.obj
         Debug\Singly_Linked_List.obj
         Debug\Stack_Using_Array.obj
     1>Ass_SinglyCircular.obj : warning LNK4075: ignoring '/EDITANDCONTINUE' due to '/INCREMENTAL:NO' specification
         Data Structure.vcxproj -> C:\Users\Admin\Desktop\LB\Data Structure\Debug\Data Structure.exe
       Manifest:
         C:\Program Files\Microsoft SDKs\Windows\v7.0A\bin\mt.exe /nologo /verbose /outputresource:"C:\Users\Admin\Desktop\LB\Data Structure\Debug\Data Structure.exe;#1" /manifest "Debug\Data Structure.exe.intermediate.manifest"
       FinalizeBuildStatus:
         Deleting file "Debug\Data Structure.unsuccessfulbuild".
         Touching "Debug\Data Structure.lastbuildstate".
     1>Done Building Project "C:\Users\Admin\Desktop\LB\Data Structure\Data Structure\Data Structure.vcxproj" (build target(s)).

Build succeeded.

Time Elapsed 00:00:00.87
